Hyperparameters:
  adam_eps: 1e-08
  adam_wd: 0.02
  beta1: 0.9
  beta2: 0.95
  compressor: brotli
  data_dir: ./data
  datasets_dir: ./data/datasets/fineweb10B_sp8192
  distributed: True
  ema_decay: 0.9965
  embed_bits: 8
  embed_clip_sigmas: 20.0
  embed_lr: 0.6
  embed_wd: 0.085
  embedding_dim: 512
  eval_seq_len: 2048
  eval_stride: 64
  gptq_calibration_batches: 64
  gptq_reserve_seconds: 12.0
  grad_accum_steps: 1
  grad_clip_norm: 0.3
  head_lr: 0.008
  is_main_process: True
  iterations: 20000
  ln_scale: True
  local_rank: 0
  logfile: logs/e66f8854-6943-42f5-860d-988aecdce1f0.txt
  logit_softcap: 30.0
  matrix_bits: 6
  matrix_clip_sigmas: 12.85
  matrix_lr: 0.022
  max_wallclock_seconds: 600.0
  min_lr: 0.0
  mlp_mult: 4.0
  model_dim: 512
  model_path: final_model.pt
  muon_backend_steps: 5
  muon_momentum: 0.95
  muon_momentum_warmup_start: 0.85
  muon_momentum_warmup_steps: 500
  muon_row_normalize: True
  muon_wd: 0.085
  num_heads: 8
  num_kv_heads: 4
  num_layers: 11
  parallel_residual_start: 7
  qk_gain_init: 5.0
  quantized_model_path: final_model.int6.ptz
  rank: 0
  rope_base: 10000.0
  rope_dims: 16
  rope_train_seq_len: 2048
  run_id: e66f8854-6943-42f5-860d-988aecdce1f0
  scalar_lr: 0.02
  seed: 1337
  skip_gates_enabled: True
  sliding_window_enabled: True
  swa_enabled: True
  swa_every: 5
  swa_start_frac: 0.7
  tie_embeddings: True
  tied_embed_init_std: 0.005
  tied_embed_lr: 0.03
  tokenizer_path: ./data/tokenizers/fineweb_8192_bpe.model
  train_batch_tokens: 393216
  train_files: ./data/datasets/fineweb10B_sp8192/fineweb_train_*.bin
  train_log_every: 500
  train_seq_len: 2048
  val_batch_tokens: 524288
  val_files: ./data/datasets/fineweb10B_sp8192/fineweb_val_*.bin
  val_loss_every: 4000
  vocab_size: 8192
  warmdown_frac: 0.49
  warmup_steps: 20
  world_size: 8
  xsa_last_n: 11
====================================================================================================
train_shards: 128
val_tokens: 40540160
model_params:35941464
gptq:reserving 12s, effective=588000ms
warmup_step: 1/20
warmup_step: 2/20
warmup_step: 3/20
warmup_step: 4/20
warmup_step: 5/20
warmup_step: 6/20
warmup_step: 10/20
warmup_step: 20/20
0/20000 val_loss: 9.0047 val_bpb: 3.4860
1/20000 train_loss: 9.0076 train_time: 0.0m tok/s: 6732023
2/20000 train_loss: 12.3519 train_time: 0.0m tok/s: 6517649
3/20000 train_loss: 11.5182 train_time: 0.0m tok/s: 6433974
4/20000 train_loss: 9.8558 train_time: 0.0m tok/s: 6377956
5/20000 train_loss: 8.7209 train_time: 0.0m tok/s: 6357850
500/20000 train_loss: 3.4176 train_time: 0.5m tok/s: 6304424
1000/20000 train_loss: 3.2940 train_time: 1.0m tok/s: 6314540
1500/20000 train_loss: 3.2088 train_time: 1.6m tok/s: 6318552
2000/20000 train_loss: 3.2431 train_time: 2.1m tok/s: 6320535
2500/20000 train_loss: 3.2401 train_time: 2.6m tok/s: 6322263
3000/20000 train_loss: 3.1330 train_time: 3.1m tok/s: 6323277
3500/20000 train_loss: 3.1758 train_time: 3.6m tok/s: 6324227
4000/20000 train_loss: 3.1911 train_time: 4.1m tok/s: 6324922
4000/20000 val_loss: 3.1840 val_bpb: 1.2326
4500/20000 train_loss: 3.1528 train_time: 4.7m tok/s: 6325172
5000/20000 train_loss: 3.2040 train_time: 5.2m tok/s: 6325587
5500/20000 train_loss: 3.0967 train_time: 5.7m tok/s: 6325756
6000/20000 train_loss: 3.1083 train_time: 6.2m tok/s: 6325996
6500/20000 train_loss: 3.1275 train_time: 6.7m tok/s: 6326016
7000/20000 train_loss: 3.1641 train_time: 7.3m tok/s: 6325902
7500/20000 train_loss: 3.1995 train_time: 7.8m tok/s: 6325771
8000/20000 train_loss: 3.0214 train_time: 8.3m tok/s: 6325637
8000/20000 val_loss: 2.9921 val_bpb: 1.1584
8500/20000 train_loss: 2.9009 train_time: 8.8m tok/s: 6324332
9000/20000 train_loss: 2.8366 train_time: 9.3m tok/s: 6324508
9458/20000 val_loss: 2.8537 val_bpb: 1.1048
stopping_early: wallclock_cap train_time: 588032ms step: 9458/20000
peak memory allocated: 14766 MiB reserved: 15688 MiB
swa:applying SWA weights (648 checkpoints)
pre-quantization post-ema val_loss:2.90696963 val_bpb:1.12537853 eval_time:5154ms
Serialized model: 135418745 bytes
Code size: 15856 bytes
GPTQ:collecting Hessians from calibration data...
GPTQ:collected 67 Hessians in 4.9s
Quantized weights:
  gptq (int6): blocks.attn.c_k.weight, blocks.attn.c_q.weight, blocks.attn.c_v.weight, blocks.attn.proj.weight, blocks.mlp.fc.weight, blocks.mlp.proj.weight
  gptq (int8): tok_emb.weight
  passthrough (float16): blocks.attn.q_gain, blocks.attn_scale, blocks.mlp_scale, blocks.resid_mix, skip_gates, skip_weights
Serialized model quantized+brotli: 15957153 bytes
Total submission size quantized+brotli: 15973009 bytes
quantized val_loss:2.92097422 val_bpb:1.13080015 eval_time:25760ms
quantized_sliding_window val_loss:2.87832958 val_bpb:1.11429108 eval_time:96783ms
