W0413 21:30:25.913000 1936799 torch/distributed/run.py:852] 
W0413 21:30:25.913000 1936799 torch/distributed/run.py:852] *****************************************
W0413 21:30:25.913000 1936799 torch/distributed/run.py:852] Setting OMP_NUM_THREADS environment variable for each process to be 1 in default, to avoid your system being overloaded, please further tune the variable for optimal performance in your application as needed. 
W0413 21:30:25.913000 1936799 torch/distributed/run.py:852] *****************************************
NCCL version 2.27.5+cuda12.9
Hyperparameters:
  adam_eps: 1e-08
  adam_wd: 0.02
  beta1: 0.9
  beta2: 0.95
  compressor: brotli
  data_dir: ./data/
  datasets_dir: ./data/datasets/fineweb10B_sp8192
  distributed: True
  ema_decay: 0.9965
  embed_bits: 8
  embed_clip_sigmas: 20.0
  embed_lr: 0.6
  embed_wd: 0.085
  embedding_dim: 512
  eval_seq_len: 2048
  eval_stride: 64
  gptq_calibration_batches: 64
  gptq_reserve_seconds: 12.0
  grad_accum_steps: 2
  grad_clip_norm: 0.3
  head_lr: 0.008
  is_main_process: True
  iterations: 20000
  ln_scale: True
  local_rank: 0
  logfile: logs/exp223_seed137_final.txt
  logit_softcap: 30.0
  matrix_bits: 6
  matrix_clip_sigmas: 12.85
  matrix_lr: 0.022
  max_wallclock_seconds: 600.0
  min_lr: 0.0
  mlp_mult: 4.0
  model_dim: 512
  model_path: final_model.pt
  muon_backend_steps: 5
  muon_momentum: 0.95
  muon_momentum_warmup_start: 0.85
  muon_momentum_warmup_steps: 500
  muon_row_normalize: True
  muon_wd: 0.095
  num_heads: 8
  num_kv_heads: 4
  num_layers: 11
  parallel_residual_start: 7
  qk_gain_init: 5.0
  quantized_model_path: final_model.int6.ptz
  rank: 0
  rope_base: 10000.0
  rope_dims: 16
  rope_train_seq_len: 2048
  run_id: exp223_seed137_final
  scalar_lr: 0.02
  seed: 137
  skip_gates_enabled: True
  sliding_window_enabled: True
  swa_enabled: True
  swa_every: 5
  swa_start_frac: 0.7
  tie_embeddings: True
  tied_embed_init_std: 0.005
  tied_embed_lr: 0.03
  tokenizer_path: ./data/tokenizers/fineweb_8192_bpe.model
  train_batch_tokens: 393216
  train_files: ./data/datasets/fineweb10B_sp8192/fineweb_train_*.bin
  train_log_every: 400
  train_seq_len: 2048
  val_batch_tokens: 524288
  val_files: ./data/datasets/fineweb10B_sp8192/fineweb_val_*.bin
  val_loss_every: 0
  vocab_size: 8192
  warmdown_frac: 0.49
  warmup_steps: 20
  world_size: 4
  xsa_last_n: 11
train_shards: 128
val_tokens: 40540160
model_params:35941464
gptq:reserving 12s, effective=588000ms
warmup_step: 1/20
warmup_step: 2/20
warmup_step: 3/20
warmup_step: 4/20
warmup_step: 5/20
warmup_step: 6/20
warmup_step: 10/20
warmup_step: 20/20
1/20000 train_loss: 9.0099 train_time: 0.0m tok/s: 1412398
2/20000 train_loss: 12.4328 train_time: 0.0m tok/s: 1358050
3/20000 train_loss: 11.5968 train_time: 0.0m tok/s: 1338275
4/20000 train_loss: 9.9729 train_time: 0.0m tok/s: 1327532
5/20000 train_loss: 8.6587 train_time: 0.0m tok/s: 1325059
400/20000 train_loss: 3.5239 train_time: 2.1m tok/s: 1278356
800/20000 train_loss: 3.3855 train_time: 4.1m tok/s: 1279342
1200/20000 train_loss: 3.2496 train_time: 6.1m tok/s: 1278927
1600/20000 train_loss: 3.1625 train_time: 8.2m tok/s: 1278504
1913/20000 val_loss: 3.0110 val_bpb: 1.1657
stopping_early: wallclock_cap train_time: 588146ms step: 1913/20000
peak memory allocated: 14858 MiB reserved: 14906 MiB
swa:applying SWA weights (131 checkpoints)
pre-quantization post-ema val_loss:3.02854583 val_bpb:1.17244447 eval_time:13616ms
Serialized model: 135418745 bytes
Code size: 15704 bytes
GPTQ:collecting Hessians from calibration data...
GPTQ:collected 67 Hessians in 9.5s
Quantized weights:
  gptq (int6): blocks.attn.c_k.weight, blocks.attn.c_q.weight, blocks.attn.c_v.weight, blocks.attn.proj.weight, blocks.mlp.fc.weight, blocks.mlp.proj.weight
  gptq (int8): tok_emb.weight
  passthrough (float16): blocks.attn.q_gain, blocks.attn_scale, blocks.mlp_scale, blocks.resid_mix, skip_gates, skip_weights
Serialized model quantized+brotli: 15982647 bytes
Total submission size quantized+brotli: 15998351 bytes
quantized val_loss:3.04524557 val_bpb:1.17890946 eval_time:16297ms
quantized_sliding_window val_loss:3.00343098 val_bpb:1.16272173 eval_time:306031ms
